22-Jun-2020 13:23:35.438 SEVERE [main] org.apache.catalina.startup.Catalina.initDirs Cannot find specified temporary folder at [D:\Development-projects\SpringBoot\apache-tomcat-9.0.26\temp]
22-Jun-2020 13:23:35.796 INFO [main] org.apache.catalina.startup.VersionLoggerListener.log Server version name:   Apache Tomcat/9.0.26
22-Jun-2020 13:23:35.797 INFO [main] org.apache.catalina.startup.VersionLoggerListener.log Server built:          Sep 16 2019 15:51:39 UTC
22-Jun-2020 13:23:35.798 INFO [main] org.apache.catalina.startup.VersionLoggerListener.log Server version number: 9.0.26.0
22-Jun-2020 13:23:35.798 INFO [main] org.apache.catalina.startup.VersionLoggerListener.log OS Name:               Windows 10
22-Jun-2020 13:23:35.798 INFO [main] org.apache.catalina.startup.VersionLoggerListener.log OS Version:            10.0
22-Jun-2020 13:23:35.799 INFO [main] org.apache.catalina.startup.VersionLoggerListener.log Architecture:          amd64
22-Jun-2020 13:23:35.799 INFO [main] org.apache.catalina.startup.VersionLoggerListener.log Java Home:             C:\Program Files\Java\jdk-13.0.2
22-Jun-2020 13:23:35.799 INFO [main] org.apache.catalina.startup.VersionLoggerListener.log JVM Version:           13.0.2+8
22-Jun-2020 13:23:35.800 INFO [main] org.apache.catalina.startup.VersionLoggerListener.log JVM Vendor:            Oracle Corporation
22-Jun-2020 13:23:35.800 INFO [main] org.apache.catalina.startup.VersionLoggerListener.log CATALINA_BASE:         D:\Development-projects\SpringBoot\apache-tomcat-9.0.26
22-Jun-2020 13:23:35.800 INFO [main] org.apache.catalina.startup.VersionLoggerListener.log CATALINA_HOME:         D:\Development-projects\SpringBoot\apache-tomcat-9.0.26
22-Jun-2020 13:23:35.801 INFO [main] org.apache.catalina.startup.VersionLoggerListener.log Command line argument: --add-opens=java.base/java.lang=ALL-UNNAMED
22-Jun-2020 13:23:35.802 INFO [main] org.apache.catalina.startup.VersionLoggerListener.log Command line argument: --add-opens=java.base/java.io=ALL-UNNAMED
22-Jun-2020 13:23:35.802 INFO [main] org.apache.catalina.startup.VersionLoggerListener.log Command line argument: --add-opens=java.rmi/sun.rmi.transport=ALL-UNNAMED
22-Jun-2020 13:23:35.802 INFO [main] org.apache.catalina.startup.VersionLoggerListener.log Command line argument: -Djava.util.logging.config.file=D:\Development-projects\SpringBoot\apache-tomcat-9.0.26\conf\logging.properties
22-Jun-2020 13:23:35.803 INFO [main] org.apache.catalina.startup.VersionLoggerListener.log Command line argument: -Djava.util.logging.manager=org.apache.juli.ClassLoaderLogManager
22-Jun-2020 13:23:35.804 INFO [main] org.apache.catalina.startup.VersionLoggerListener.log Command line argument: -Djdk.tls.ephemeralDHKeySize=2048
22-Jun-2020 13:23:35.804 INFO [main] org.apache.catalina.startup.VersionLoggerListener.log Command line argument: -Djava.protocol.handler.pkgs=org.apache.catalina.webresources
22-Jun-2020 13:23:35.805 INFO [main] org.apache.catalina.startup.VersionLoggerListener.log Command line argument: -Dignore.endorsed.dirs=
22-Jun-2020 13:23:35.805 INFO [main] org.apache.catalina.startup.VersionLoggerListener.log Command line argument: -Dcatalina.base=D:\Development-projects\SpringBoot\apache-tomcat-9.0.26
22-Jun-2020 13:23:35.810 INFO [main] org.apache.catalina.startup.VersionLoggerListener.log Command line argument: -Dcatalina.home=D:\Development-projects\SpringBoot\apache-tomcat-9.0.26
22-Jun-2020 13:23:35.812 INFO [main] org.apache.catalina.startup.VersionLoggerListener.log Command line argument: -Djava.io.tmpdir=D:\Development-projects\SpringBoot\apache-tomcat-9.0.26\temp
22-Jun-2020 13:23:35.814 INFO [main] org.apache.catalina.core.AprLifecycleListener.lifecycleEvent The APR based Apache Tomcat Native library which allows optimal performance in production environments was not found on the java.library.path: [C:\Program Files\Java\jdk-13.0.2\bin;C:\WINDOWS\Sun\Java\bin;C:\WINDOWS\system32;C:\WINDOWS;C:\Users\tiago\bin;C:\Program Files\Git\mingw64\bin;C:\Program Files\Git\usr\local\bin;C:\Program Files\Git\usr\bin;C:\Program Files\Git\usr\bin;C:\Program Files\Git\mingw64\bin;C:\Program Files\Git\usr\bin;C:\Users\tiago\bin;C:\Program Files (x86)\Intel\iCLS Client;C:\Program Files\Intel\iCLS Client;C:\Windows\system32;C:\Windows;C:\Windows\System32\Wbem;C:\Windows\System32\WindowsPowerShell\v1.0;C:\Windows\System32\OpenSSH;C:\Program Files (x86)\Intel\Intel(R) Management Engine Components\DAL;C:\Program Files\Intel\Intel(R) Management Engine Components\DAL;C:\Program Files (x86)\Intel\Intel(R) Management Engine Components\IPT;C:\Program Files\Intel\Intel(R) Management Engine Components\IPT;C:\Program Files (x86)\NVIDIA Corporation\PhysX\Common;C:\Program Files\NVIDIA Corporation\NVIDIA NvDLISR;C:\Program Files (x86)\Boxcryptor\bin;C:\Program Files\nodejs;C:\Program Files\PuTTY;C:\WINDOWS\system32;C:\WINDOWS;C:\WINDOWS\System32\Wbem;C:\WINDOWS\System32\WindowsPowerShell\v1.0;C:\WINDOWS\System32\OpenSSH;C:\Program Files\Git\cmd;C:\Gradle\gradle-6.4.1\bin;C:\Users\tiago\AppData\Local\Microsoft\WindowsApps;C:\Users\tiago\AppData\Roaming\npm;C:\Users\tiago\AppData\Local\Programs\Microsoft VS Code\bin;C:\Program Files\Git\usr\bin\vendor_perl;C:\Program Files\Git\usr\bin\core_perl;.]
22-Jun-2020 13:23:36.152 INFO [main] org.apache.coyote.AbstractProtocol.init Initializing ProtocolHandler ["http-nio-8080"]
22-Jun-2020 13:23:36.799 INFO [main] org.apache.coyote.AbstractProtocol.init Initializing ProtocolHandler ["ajp-nio-8009"]
22-Jun-2020 13:23:36.806 INFO [main] org.apache.catalina.startup.Catalina.load Server initialization in [1.365] milliseconds
22-Jun-2020 13:23:36.855 INFO [main] org.apache.catalina.core.StandardService.startInternal Starting service [Catalina]
22-Jun-2020 13:23:36.855 INFO [main] org.apache.catalina.core.StandardEngine.startInternal Starting Servlet engine: [Apache Tomcat/9.0.26]
22-Jun-2020 13:23:36.889 INFO [main] org.apache.catalina.startup.HostConfig.deployWAR Deploying web application archive [D:\Development-projects\SpringBoot\apache-tomcat-9.0.26\webapps\springboot-0.0.1-SNAPSHOT.war]
22-Jun-2020 13:23:42.832 INFO [main] org.apache.jasper.servlet.TldScanner.scanJars At least one JAR was scanned for TLDs yet contained no TLDs. Enable debug logging for this logger for a complete list of JARs that were scanned but no TLDs were found in them. Skipping unneeded JARs during scanning can improve startup time and JSP compilation time.
22-Jun-2020 13:23:43.173 WARNING [main] org.apache.catalina.util.SessionIdGeneratorBase.createSecureRandom Creation of SecureRandom instance for session ID generation using [SHA1PRNG] took [330] milliseconds.
22-Jun-2020 13:23:43.203 INFO [main] org.apache.catalina.startup.HostConfig.deployWAR Deployment of web application archive [D:\Development-projects\SpringBoot\apache-tomcat-9.0.26\webapps\springboot-0.0.1-SNAPSHOT.war] has finished in [6.313] ms
22-Jun-2020 13:23:43.206 INFO [main] org.apache.catalina.startup.HostConfig.deployDirectory Diretório de instalação da aplicação web [D:\Development-projects\SpringBoot\apache-tomcat-9.0.26\webapps\docs]
22-Jun-2020 13:23:43.254 INFO [main] org.apache.catalina.startup.HostConfig.deployDirectory Deployment of web application directory [D:\Development-projects\SpringBoot\apache-tomcat-9.0.26\webapps\docs] has finished in [48] ms
22-Jun-2020 13:23:43.255 INFO [main] org.apache.catalina.startup.HostConfig.deployDirectory Diretório de instalação da aplicação web [D:\Development-projects\SpringBoot\apache-tomcat-9.0.26\webapps\examples]
22-Jun-2020 13:23:44.124 INFO [main] org.apache.catalina.startup.HostConfig.deployDirectory Deployment of web application directory [D:\Development-projects\SpringBoot\apache-tomcat-9.0.26\webapps\examples] has finished in [870] ms
22-Jun-2020 13:23:44.125 INFO [main] org.apache.catalina.startup.HostConfig.deployDirectory Diretório de instalação da aplicação web [D:\Development-projects\SpringBoot\apache-tomcat-9.0.26\webapps\host-manager]
22-Jun-2020 13:23:44.188 INFO [main] org.apache.catalina.startup.HostConfig.deployDirectory Deployment of web application directory [D:\Development-projects\SpringBoot\apache-tomcat-9.0.26\webapps\host-manager] has finished in [62] ms
22-Jun-2020 13:23:44.189 INFO [main] org.apache.catalina.startup.HostConfig.deployDirectory Diretório de instalação da aplicação web [D:\Development-projects\SpringBoot\apache-tomcat-9.0.26\webapps\manager]
22-Jun-2020 13:23:44.234 INFO [main] org.apache.catalina.startup.HostConfig.deployDirectory Deployment of web application directory [D:\Development-projects\SpringBoot\apache-tomcat-9.0.26\webapps\manager] has finished in [45] ms
22-Jun-2020 13:23:44.235 INFO [main] org.apache.catalina.startup.HostConfig.deployDirectory Diretório de instalação da aplicação web [D:\Development-projects\SpringBoot\apache-tomcat-9.0.26\webapps\ROOT]
22-Jun-2020 13:23:44.263 INFO [main] org.apache.catalina.startup.HostConfig.deployDirectory Deployment of web application directory [D:\Development-projects\SpringBoot\apache-tomcat-9.0.26\webapps\ROOT] has finished in [28] ms
22-Jun-2020 13:23:44.268 INFO [main] org.apache.coyote.AbstractProtocol.start Starting ProtocolHandler ["http-nio-8080"]
22-Jun-2020 13:23:44.280 INFO [main] org.apache.coyote.AbstractProtocol.start Starting ProtocolHandler ["ajp-nio-8009"]
22-Jun-2020 13:23:44.284 INFO [main] org.apache.catalina.startup.Catalina.start Server startup in [7.478] milliseconds
22-Jun-2020 13:37:44.080 SEVERE [main] org.apache.catalina.startup.Catalina.initDirs Cannot find specified temporary folder at [D:\Development-projects\SpringBoot\apache-tomcat-9.0.26\temp]
22-Jun-2020 13:37:44.284 INFO [main] org.apache.catalina.startup.VersionLoggerListener.log Server version name:   Apache Tomcat/9.0.26
22-Jun-2020 13:37:44.284 INFO [main] org.apache.catalina.startup.VersionLoggerListener.log Server built:          Sep 16 2019 15:51:39 UTC
22-Jun-2020 13:37:44.285 INFO [main] org.apache.catalina.startup.VersionLoggerListener.log Server version number: 9.0.26.0
22-Jun-2020 13:37:44.285 INFO [main] org.apache.catalina.startup.VersionLoggerListener.log OS Name:               Windows 10
22-Jun-2020 13:37:44.286 INFO [main] org.apache.catalina.startup.VersionLoggerListener.log OS Version:            10.0
22-Jun-2020 13:37:44.286 INFO [main] org.apache.catalina.startup.VersionLoggerListener.log Architecture:          amd64
22-Jun-2020 13:37:44.286 INFO [main] org.apache.catalina.startup.VersionLoggerListener.log Java Home:             C:\Program Files\Java\jdk-13.0.2
22-Jun-2020 13:37:44.286 INFO [main] org.apache.catalina.startup.VersionLoggerListener.log JVM Version:           13.0.2+8
22-Jun-2020 13:37:44.287 INFO [main] org.apache.catalina.startup.VersionLoggerListener.log JVM Vendor:            Oracle Corporation
22-Jun-2020 13:37:44.287 INFO [main] org.apache.catalina.startup.VersionLoggerListener.log CATALINA_BASE:         D:\Development-projects\SpringBoot\apache-tomcat-9.0.26
22-Jun-2020 13:37:44.287 INFO [main] org.apache.catalina.startup.VersionLoggerListener.log CATALINA_HOME:         D:\Development-projects\SpringBoot\apache-tomcat-9.0.26
22-Jun-2020 13:37:44.289 INFO [main] org.apache.catalina.startup.VersionLoggerListener.log Command line argument: --add-opens=java.base/java.lang=ALL-UNNAMED
22-Jun-2020 13:37:44.289 INFO [main] org.apache.catalina.startup.VersionLoggerListener.log Command line argument: --add-opens=java.base/java.io=ALL-UNNAMED
22-Jun-2020 13:37:44.289 INFO [main] org.apache.catalina.startup.VersionLoggerListener.log Command line argument: --add-opens=java.rmi/sun.rmi.transport=ALL-UNNAMED
22-Jun-2020 13:37:44.290 INFO [main] org.apache.catalina.startup.VersionLoggerListener.log Command line argument: -Djava.util.logging.config.file=D:\Development-projects\SpringBoot\apache-tomcat-9.0.26\conf\logging.properties
22-Jun-2020 13:37:44.290 INFO [main] org.apache.catalina.startup.VersionLoggerListener.log Command line argument: -Djava.util.logging.manager=org.apache.juli.ClassLoaderLogManager
22-Jun-2020 13:37:44.291 INFO [main] org.apache.catalina.startup.VersionLoggerListener.log Command line argument: -Djdk.tls.ephemeralDHKeySize=2048
22-Jun-2020 13:37:44.291 INFO [main] org.apache.catalina.startup.VersionLoggerListener.log Command line argument: -Djava.protocol.handler.pkgs=org.apache.catalina.webresources
22-Jun-2020 13:37:44.292 INFO [main] org.apache.catalina.startup.VersionLoggerListener.log Command line argument: -Dignore.endorsed.dirs=
22-Jun-2020 13:37:44.293 INFO [main] org.apache.catalina.startup.VersionLoggerListener.log Command line argument: -Dcatalina.base=D:\Development-projects\SpringBoot\apache-tomcat-9.0.26
22-Jun-2020 13:37:44.293 INFO [main] org.apache.catalina.startup.VersionLoggerListener.log Command line argument: -Dcatalina.home=D:\Development-projects\SpringBoot\apache-tomcat-9.0.26
22-Jun-2020 13:37:44.296 INFO [main] org.apache.catalina.startup.VersionLoggerListener.log Command line argument: -Djava.io.tmpdir=D:\Development-projects\SpringBoot\apache-tomcat-9.0.26\temp
22-Jun-2020 13:37:44.297 INFO [main] org.apache.catalina.core.AprLifecycleListener.lifecycleEvent The APR based Apache Tomcat Native library which allows optimal performance in production environments was not found on the java.library.path: [C:\Program Files\Java\jdk-13.0.2\bin;C:\WINDOWS\Sun\Java\bin;C:\WINDOWS\system32;C:\WINDOWS;C:\Users\tiago\bin;C:\Program Files\Git\mingw64\bin;C:\Program Files\Git\usr\local\bin;C:\Program Files\Git\usr\bin;C:\Program Files\Git\usr\bin;C:\Program Files\Git\mingw64\bin;C:\Program Files\Git\usr\bin;C:\Users\tiago\bin;C:\Program Files (x86)\Intel\iCLS Client;C:\Program Files\Intel\iCLS Client;C:\Windows\system32;C:\Windows;C:\Windows\System32\Wbem;C:\Windows\System32\WindowsPowerShell\v1.0;C:\Windows\System32\OpenSSH;C:\Program Files (x86)\Intel\Intel(R) Management Engine Components\DAL;C:\Program Files\Intel\Intel(R) Management Engine Components\DAL;C:\Program Files (x86)\Intel\Intel(R) Management Engine Components\IPT;C:\Program Files\Intel\Intel(R) Management Engine Components\IPT;C:\Program Files (x86)\NVIDIA Corporation\PhysX\Common;C:\Program Files\NVIDIA Corporation\NVIDIA NvDLISR;C:\Program Files (x86)\Boxcryptor\bin;C:\Program Files\nodejs;C:\Program Files\PuTTY;C:\WINDOWS\system32;C:\WINDOWS;C:\WINDOWS\System32\Wbem;C:\WINDOWS\System32\WindowsPowerShell\v1.0;C:\WINDOWS\System32\OpenSSH;C:\Program Files\Git\cmd;C:\Gradle\gradle-6.4.1\bin;C:\Users\tiago\AppData\Local\Microsoft\WindowsApps;C:\Users\tiago\AppData\Roaming\npm;C:\Users\tiago\AppData\Local\Programs\Microsoft VS Code\bin;C:\Program Files\Git\usr\bin\vendor_perl;C:\Program Files\Git\usr\bin\core_perl;.]
22-Jun-2020 13:37:44.532 INFO [main] org.apache.coyote.AbstractProtocol.init Initializing ProtocolHandler ["http-nio-8080"]
22-Jun-2020 13:37:45.081 INFO [main] org.apache.coyote.AbstractProtocol.init Initializing ProtocolHandler ["ajp-nio-8009"]
22-Jun-2020 13:37:45.087 INFO [main] org.apache.catalina.startup.Catalina.load Server initialization in [1.003] milliseconds
22-Jun-2020 13:37:45.130 INFO [main] org.apache.catalina.core.StandardService.startInternal Starting service [Catalina]
22-Jun-2020 13:37:45.130 INFO [main] org.apache.catalina.core.StandardEngine.startInternal Starting Servlet engine: [Apache Tomcat/9.0.26]
22-Jun-2020 13:37:45.150 INFO [main] org.apache.catalina.startup.HostConfig.deployWAR Deploying web application archive [D:\Development-projects\SpringBoot\apache-tomcat-9.0.26\webapps\springboot-0.0.1-SNAPSHOT.war]
22-Jun-2020 13:37:45.180 INFO [main] org.apache.catalina.startup.ExpandWar.expand An expanded directory [D:\Development-projects\SpringBoot\apache-tomcat-9.0.26\webapps\springboot-0.0.1-SNAPSHOT] was found with a last modified time that did not match the associated WAR. It will be deleted.
22-Jun-2020 13:37:49.868 INFO [main] org.apache.jasper.servlet.TldScanner.scanJars At least one JAR was scanned for TLDs yet contained no TLDs. Enable debug logging for this logger for a complete list of JARs that were scanned but no TLDs were found in them. Skipping unneeded JARs during scanning can improve startup time and JSP compilation time.
22-Jun-2020 13:37:50.165 WARNING [main] org.apache.catalina.util.SessionIdGeneratorBase.createSecureRandom Creation of SecureRandom instance for session ID generation using [SHA1PRNG] took [274] milliseconds.
22-Jun-2020 13:37:50.184 INFO [main] org.apache.catalina.startup.HostConfig.deployWAR Deployment of web application archive [D:\Development-projects\SpringBoot\apache-tomcat-9.0.26\webapps\springboot-0.0.1-SNAPSHOT.war] has finished in [5.033] ms
22-Jun-2020 13:37:50.185 INFO [main] org.apache.catalina.startup.HostConfig.deployDirectory Diretório de instalação da aplicação web [D:\Development-projects\SpringBoot\apache-tomcat-9.0.26\webapps\docs]
22-Jun-2020 13:37:50.207 INFO [main] org.apache.catalina.startup.HostConfig.deployDirectory Deployment of web application directory [D:\Development-projects\SpringBoot\apache-tomcat-9.0.26\webapps\docs] has finished in [22] ms
22-Jun-2020 13:37:50.208 INFO [main] org.apache.catalina.startup.HostConfig.deployDirectory Diretório de instalação da aplicação web [D:\Development-projects\SpringBoot\apache-tomcat-9.0.26\webapps\examples]
22-Jun-2020 13:37:50.482 INFO [main] org.apache.catalina.startup.HostConfig.deployDirectory Deployment of web application directory [D:\Development-projects\SpringBoot\apache-tomcat-9.0.26\webapps\examples] has finished in [274] ms
22-Jun-2020 13:37:50.483 INFO [main] org.apache.catalina.startup.HostConfig.deployDirectory Diretório de instalação da aplicação web [D:\Development-projects\SpringBoot\apache-tomcat-9.0.26\webapps\host-manager]
22-Jun-2020 13:37:50.517 INFO [main] org.apache.catalina.startup.HostConfig.deployDirectory Deployment of web application directory [D:\Development-projects\SpringBoot\apache-tomcat-9.0.26\webapps\host-manager] has finished in [35] ms
22-Jun-2020 13:37:50.518 INFO [main] org.apache.catalina.startup.HostConfig.deployDirectory Diretório de instalação da aplicação web [D:\Development-projects\SpringBoot\apache-tomcat-9.0.26\webapps\manager]
22-Jun-2020 13:37:50.545 INFO [main] org.apache.catalina.startup.HostConfig.deployDirectory Deployment of web application directory [D:\Development-projects\SpringBoot\apache-tomcat-9.0.26\webapps\manager] has finished in [28] ms
22-Jun-2020 13:37:50.545 INFO [main] org.apache.catalina.startup.HostConfig.deployDirectory Diretório de instalação da aplicação web [D:\Development-projects\SpringBoot\apache-tomcat-9.0.26\webapps\ROOT]
22-Jun-2020 13:37:50.573 INFO [main] org.apache.catalina.startup.HostConfig.deployDirectory Deployment of web application directory [D:\Development-projects\SpringBoot\apache-tomcat-9.0.26\webapps\ROOT] has finished in [28] ms
22-Jun-2020 13:37:50.579 INFO [main] org.apache.coyote.AbstractProtocol.start Starting ProtocolHandler ["http-nio-8080"]
22-Jun-2020 13:37:50.592 INFO [main] org.apache.coyote.AbstractProtocol.start Starting ProtocolHandler ["ajp-nio-8009"]
22-Jun-2020 13:37:50.598 INFO [main] org.apache.catalina.startup.Catalina.start Server startup in [5.509] milliseconds
22-Jun-2020 13:40:17.428 SEVERE [main] org.apache.catalina.startup.Catalina.initDirs Cannot find specified temporary folder at [D:\Development-projects\SpringBoot\apache-tomcat-9.0.26\temp]
22-Jun-2020 13:40:17.624 INFO [main] org.apache.catalina.startup.VersionLoggerListener.log Server version name:   Apache Tomcat/9.0.26
22-Jun-2020 13:40:17.625 INFO [main] org.apache.catalina.startup.VersionLoggerListener.log Server built:          Sep 16 2019 15:51:39 UTC
22-Jun-2020 13:40:17.625 INFO [main] org.apache.catalina.startup.VersionLoggerListener.log Server version number: 9.0.26.0
22-Jun-2020 13:40:17.625 INFO [main] org.apache.catalina.startup.VersionLoggerListener.log OS Name:               Windows 10
22-Jun-2020 13:40:17.626 INFO [main] org.apache.catalina.startup.VersionLoggerListener.log OS Version:            10.0
22-Jun-2020 13:40:17.626 INFO [main] org.apache.catalina.startup.VersionLoggerListener.log Architecture:          amd64
22-Jun-2020 13:40:17.626 INFO [main] org.apache.catalina.startup.VersionLoggerListener.log Java Home:             C:\Program Files\Java\jdk-13.0.2
22-Jun-2020 13:40:17.626 INFO [main] org.apache.catalina.startup.VersionLoggerListener.log JVM Version:           13.0.2+8
22-Jun-2020 13:40:17.626 INFO [main] org.apache.catalina.startup.VersionLoggerListener.log JVM Vendor:            Oracle Corporation
22-Jun-2020 13:40:17.627 INFO [main] org.apache.catalina.startup.VersionLoggerListener.log CATALINA_BASE:         D:\Development-projects\SpringBoot\apache-tomcat-9.0.26
22-Jun-2020 13:40:17.627 INFO [main] org.apache.catalina.startup.VersionLoggerListener.log CATALINA_HOME:         D:\Development-projects\SpringBoot\apache-tomcat-9.0.26
22-Jun-2020 13:40:17.628 INFO [main] org.apache.catalina.startup.VersionLoggerListener.log Command line argument: --add-opens=java.base/java.lang=ALL-UNNAMED
22-Jun-2020 13:40:17.628 INFO [main] org.apache.catalina.startup.VersionLoggerListener.log Command line argument: --add-opens=java.base/java.io=ALL-UNNAMED
22-Jun-2020 13:40:17.629 INFO [main] org.apache.catalina.startup.VersionLoggerListener.log Command line argument: --add-opens=java.rmi/sun.rmi.transport=ALL-UNNAMED
22-Jun-2020 13:40:17.629 INFO [main] org.apache.catalina.startup.VersionLoggerListener.log Command line argument: -Djava.util.logging.config.file=D:\Development-projects\SpringBoot\apache-tomcat-9.0.26\conf\logging.properties
22-Jun-2020 13:40:17.630 INFO [main] org.apache.catalina.startup.VersionLoggerListener.log Command line argument: -Djava.util.logging.manager=org.apache.juli.ClassLoaderLogManager
22-Jun-2020 13:40:17.631 INFO [main] org.apache.catalina.startup.VersionLoggerListener.log Command line argument: -Djdk.tls.ephemeralDHKeySize=2048
22-Jun-2020 13:40:17.631 INFO [main] org.apache.catalina.startup.VersionLoggerListener.log Command line argument: -Djava.protocol.handler.pkgs=org.apache.catalina.webresources
22-Jun-2020 13:40:17.632 INFO [main] org.apache.catalina.startup.VersionLoggerListener.log Command line argument: -Dignore.endorsed.dirs=
22-Jun-2020 13:40:17.632 INFO [main] org.apache.catalina.startup.VersionLoggerListener.log Command line argument: -Dcatalina.base=D:\Development-projects\SpringBoot\apache-tomcat-9.0.26
22-Jun-2020 13:40:17.633 INFO [main] org.apache.catalina.startup.VersionLoggerListener.log Command line argument: -Dcatalina.home=D:\Development-projects\SpringBoot\apache-tomcat-9.0.26
22-Jun-2020 13:40:17.633 INFO [main] org.apache.catalina.startup.VersionLoggerListener.log Command line argument: -Djava.io.tmpdir=D:\Development-projects\SpringBoot\apache-tomcat-9.0.26\temp
22-Jun-2020 13:40:17.637 INFO [main] org.apache.catalina.core.AprLifecycleListener.lifecycleEvent The APR based Apache Tomcat Native library which allows optimal performance in production environments was not found on the java.library.path: [C:\Program Files\Java\jdk-13.0.2\bin;C:\WINDOWS\Sun\Java\bin;C:\WINDOWS\system32;C:\WINDOWS;C:\Users\tiago\bin;C:\Program Files\Git\mingw64\bin;C:\Program Files\Git\usr\local\bin;C:\Program Files\Git\usr\bin;C:\Program Files\Git\usr\bin;C:\Program Files\Git\mingw64\bin;C:\Program Files\Git\usr\bin;C:\Users\tiago\bin;C:\Program Files (x86)\Intel\iCLS Client;C:\Program Files\Intel\iCLS Client;C:\Windows\system32;C:\Windows;C:\Windows\System32\Wbem;C:\Windows\System32\WindowsPowerShell\v1.0;C:\Windows\System32\OpenSSH;C:\Program Files (x86)\Intel\Intel(R) Management Engine Components\DAL;C:\Program Files\Intel\Intel(R) Management Engine Components\DAL;C:\Program Files (x86)\Intel\Intel(R) Management Engine Components\IPT;C:\Program Files\Intel\Intel(R) Management Engine Components\IPT;C:\Program Files (x86)\NVIDIA Corporation\PhysX\Common;C:\Program Files\NVIDIA Corporation\NVIDIA NvDLISR;C:\Program Files (x86)\Boxcryptor\bin;C:\Program Files\nodejs;C:\Program Files\PuTTY;C:\WINDOWS\system32;C:\WINDOWS;C:\WINDOWS\System32\Wbem;C:\WINDOWS\System32\WindowsPowerShell\v1.0;C:\WINDOWS\System32\OpenSSH;C:\Program Files\Git\cmd;C:\Gradle\gradle-6.4.1\bin;C:\Users\tiago\AppData\Local\Microsoft\WindowsApps;C:\Users\tiago\AppData\Roaming\npm;C:\Users\tiago\AppData\Local\Programs\Microsoft VS Code\bin;C:\Program Files\Git\usr\bin\vendor_perl;C:\Program Files\Git\usr\bin\core_perl;.]
22-Jun-2020 13:40:17.919 INFO [main] org.apache.coyote.AbstractProtocol.init Initializing ProtocolHandler ["http-nio-8080"]
22-Jun-2020 13:40:18.537 INFO [main] org.apache.coyote.AbstractProtocol.init Initializing ProtocolHandler ["ajp-nio-8009"]
22-Jun-2020 13:40:18.543 INFO [main] org.apache.catalina.startup.Catalina.load Server initialization in [1.112] milliseconds
22-Jun-2020 13:40:18.591 INFO [main] org.apache.catalina.core.StandardService.startInternal Starting service [Catalina]
22-Jun-2020 13:40:18.592 INFO [main] org.apache.catalina.core.StandardEngine.startInternal Starting Servlet engine: [Apache Tomcat/9.0.26]
22-Jun-2020 13:40:18.617 INFO [main] org.apache.catalina.startup.HostConfig.deployWAR Deploying web application archive [D:\Development-projects\SpringBoot\apache-tomcat-9.0.26\webapps\springboot-0.0.1-SNAPSHOT.war]
22-Jun-2020 13:40:18.640 INFO [main] org.apache.catalina.startup.ExpandWar.expand An expanded directory [D:\Development-projects\SpringBoot\apache-tomcat-9.0.26\webapps\springboot-0.0.1-SNAPSHOT] was found with a last modified time that did not match the associated WAR. It will be deleted.
22-Jun-2020 13:40:23.543 INFO [main] org.apache.jasper.servlet.TldScanner.scanJars At least one JAR was scanned for TLDs yet contained no TLDs. Enable debug logging for this logger for a complete list of JARs that were scanned but no TLDs were found in them. Skipping unneeded JARs during scanning can improve startup time and JSP compilation time.
22-Jun-2020 13:40:23.806 WARNING [main] org.apache.catalina.util.SessionIdGeneratorBase.createSecureRandom Creation of SecureRandom instance for session ID generation using [SHA1PRNG] took [255] milliseconds.
22-Jun-2020 13:40:23.827 INFO [main] org.apache.catalina.startup.HostConfig.deployWAR Deployment of web application archive [D:\Development-projects\SpringBoot\apache-tomcat-9.0.26\webapps\springboot-0.0.1-SNAPSHOT.war] has finished in [5.210] ms
22-Jun-2020 13:40:23.828 INFO [main] org.apache.catalina.startup.HostConfig.deployDirectory Diretório de instalação da aplicação web [D:\Development-projects\SpringBoot\apache-tomcat-9.0.26\webapps\docs]
22-Jun-2020 13:40:23.850 INFO [main] org.apache.catalina.startup.HostConfig.deployDirectory Deployment of web application directory [D:\Development-projects\SpringBoot\apache-tomcat-9.0.26\webapps\docs] has finished in [22] ms
22-Jun-2020 13:40:23.851 INFO [main] org.apache.catalina.startup.HostConfig.deployDirectory Diretório de instalação da aplicação web [D:\Development-projects\SpringBoot\apache-tomcat-9.0.26\webapps\examples]
22-Jun-2020 13:40:24.106 INFO [main] org.apache.catalina.startup.HostConfig.deployDirectory Deployment of web application directory [D:\Development-projects\SpringBoot\apache-tomcat-9.0.26\webapps\examples] has finished in [255] ms
22-Jun-2020 13:40:24.107 INFO [main] org.apache.catalina.startup.HostConfig.deployDirectory Diretório de instalação da aplicação web [D:\Development-projects\SpringBoot\apache-tomcat-9.0.26\webapps\host-manager]
22-Jun-2020 13:40:24.145 INFO [main] org.apache.catalina.startup.HostConfig.deployDirectory Deployment of web application directory [D:\Development-projects\SpringBoot\apache-tomcat-9.0.26\webapps\host-manager] has finished in [38] ms
22-Jun-2020 13:40:24.146 INFO [main] org.apache.catalina.startup.HostConfig.deployDirectory Diretório de instalação da aplicação web [D:\Development-projects\SpringBoot\apache-tomcat-9.0.26\webapps\manager]
22-Jun-2020 13:40:24.174 INFO [main] org.apache.catalina.startup.HostConfig.deployDirectory Deployment of web application directory [D:\Development-projects\SpringBoot\apache-tomcat-9.0.26\webapps\manager] has finished in [29] ms
22-Jun-2020 13:40:24.174 INFO [main] org.apache.catalina.startup.HostConfig.deployDirectory Diretório de instalação da aplicação web [D:\Development-projects\SpringBoot\apache-tomcat-9.0.26\webapps\ROOT]
22-Jun-2020 13:40:24.202 INFO [main] org.apache.catalina.startup.HostConfig.deployDirectory Deployment of web application directory [D:\Development-projects\SpringBoot\apache-tomcat-9.0.26\webapps\ROOT] has finished in [27] ms
22-Jun-2020 13:40:24.210 INFO [main] org.apache.coyote.AbstractProtocol.start Starting ProtocolHandler ["http-nio-8080"]
22-Jun-2020 13:40:24.219 INFO [main] org.apache.coyote.AbstractProtocol.start Starting ProtocolHandler ["ajp-nio-8009"]
22-Jun-2020 13:40:24.222 INFO [main] org.apache.catalina.startup.Catalina.start Server startup in [5.678] milliseconds
